
optiboot_atmega1280.elf:     file format elf32-avr

Sections:
Idx Name          Size      VMA       LMA       File off  Algn
  0 .text         000001d6  0001fc00  0001fc00  00000054  2**1
                  CONTENTS, ALLOC, LOAD, READONLY, CODE
  1 .debug_aranges 00000028  00000000  00000000  0000022a  2**0
                  CONTENTS, READONLY, DEBUGGING
  2 .debug_pubnames 0000005f  00000000  00000000  00000252  2**0
                  CONTENTS, READONLY, DEBUGGING
  3 .debug_info   00000261  00000000  00000000  000002b1  2**0
                  CONTENTS, READONLY, DEBUGGING
  4 .debug_abbrev 00000181  00000000  00000000  00000512  2**0
                  CONTENTS, READONLY, DEBUGGING
  5 .debug_line   0000044b  00000000  00000000  00000693  2**0
                  CONTENTS, READONLY, DEBUGGING
  6 .debug_frame  00000080  00000000  00000000  00000ae0  2**2
                  CONTENTS, READONLY, DEBUGGING
  7 .debug_str    00000128  00000000  00000000  00000b60  2**0
                  CONTENTS, READONLY, DEBUGGING
  8 .debug_loc    00000215  00000000  00000000  00000c88  2**0
                  CONTENTS, READONLY, DEBUGGING
  9 .debug_ranges 00000060  00000000  00000000  00000e9d  2**0
                  CONTENTS, READONLY, DEBUGGING

Disassembly of section .text:

0001fc00 <main>:
register uint8_t timOverflCnt __asm__("r15"); // the number of timer1 overflows
#endif


/* main program starts here */
int main(void) {
   1fc00:	11 24       	eor	r1, r1
#endif

  uint8_t ch;

  // Adaboot no-wait mod
  ch = MCUSR;
   1fc02:	84 b7       	in	r24, 0x34	; 52
  MCUSR = 0;
   1fc04:	14 be       	out	0x34, r1	; 52
  else
  {
    appStart();
  }
#else
    if (!(ch & _BV(EXTRF)))
   1fc06:	81 ff       	sbrs	r24, 1
      appStart();
   1fc08:	d1 d0       	rcall	.+418    	; 0x1fdac <appStart>
#endif

  // Set up watchdog to trigger after 1000 ms
  watchdogConfig(WATCHDOG_1S);
   1fc0a:	8e e0       	ldi	r24, 0x0E	; 14
   1fc0c:	c9 d0       	rcall	.+402    	; 0x1fda0 <watchdogConfig>

#if (LED_START_FLASHES > 0) || defined(BLUECONTROLLER)
  // Set up Timer 1 for timeout counter
  TCCR1B = _BV(CS12) | _BV(CS10); // div 1024
   1fc0e:	85 e0       	ldi	r24, 0x05	; 5
   1fc10:	80 93 81 00 	sts	0x0081, r24
  UCSRA = _BV(U2X); //Double speed mode USART
  UCSRB = _BV(RXEN) | _BV(TXEN);  // enable Rx & Tx
  UCSRC = _BV(URSEL) | _BV(UCSZ1) | _BV(UCSZ0);  // config USART; 8N1
  UBRRL = (uint8_t)( (F_CPU + BAUD_RATE * 4L) / (BAUD_RATE * 8L) - 1 );
#else
  UCSR0A = _BV(U2X0); //Double speed mode USART0
   1fc14:	82 e0       	ldi	r24, 0x02	; 2
   1fc16:	80 93 c0 00 	sts	0x00C0, r24
  UCSR0B = _BV(RXEN0) | _BV(TXEN0);
   1fc1a:	88 e1       	ldi	r24, 0x18	; 24
   1fc1c:	80 93 c1 00 	sts	0x00C1, r24
  UCSR0C = _BV(UCSZ00) | _BV(UCSZ01);
   1fc20:	86 e0       	ldi	r24, 0x06	; 6
   1fc22:	80 93 c2 00 	sts	0x00C2, r24
  UBRR0L = (uint8_t)( (F_CPU + BAUD_RATE * 4L) / (BAUD_RATE * 8L) - 1 );
   1fc26:	80 e1       	ldi	r24, 0x10	; 16
   1fc28:	80 93 c4 00 	sts	0x00C4, r24
  UART_DDR |= _BV(UART_TX_BIT);
#endif

#if !defined(BLUECONTROLLER) 
  /* Set LED pin as output */
  LED_DDR |= LED_DDR_VAL;
   1fc2c:	27 9a       	sbi	0x04, 7	; 4
   1fc2e:	86 e0       	ldi	r24, 0x06	; 6
}

#if LED_START_FLASHES > 0
void flash_led(uint8_t count) {
  do {
    TCNT1 = -(F_CPU/(1024*16));
   1fc30:	20 e3       	ldi	r18, 0x30	; 48
   1fc32:	3c ef       	ldi	r19, 0xFC	; 252
    TIFR1 = _BV(TOV1);
   1fc34:	91 e0       	ldi	r25, 0x01	; 1
}

#if LED_START_FLASHES > 0
void flash_led(uint8_t count) {
  do {
    TCNT1 = -(F_CPU/(1024*16));
   1fc36:	30 93 85 00 	sts	0x0085, r19
   1fc3a:	20 93 84 00 	sts	0x0084, r18
    TIFR1 = _BV(TOV1);
   1fc3e:	96 bb       	out	0x16, r25	; 22
    while(!(TIFR1 & _BV(TOV1)));
   1fc40:	b0 9b       	sbis	0x16, 0	; 22
   1fc42:	fe cf       	rjmp	.-4      	; 0x1fc40 <main+0x40>
#ifdef __AVR_ATmega8__
    LED_PORT ^= _BV(LED);
#else
    LED_PIN |= _BV(LED);
   1fc44:	1f 9a       	sbi	0x03, 7	; 3
}
#endif

// Watchdog functions. These are only safe with interrupts turned off.
void watchdogReset() {
  __asm__ __volatile__ (
   1fc46:	a8 95       	wdr
    LED_PORT ^= _BV(LED);
#else
    LED_PIN |= _BV(LED);
#endif
    watchdogReset();
  } while (--count);
   1fc48:	81 50       	subi	r24, 0x01	; 1
   1fc4a:	a9 f7       	brne	.-22     	; 0x1fc36 <main+0x36>
    }
    else 
#endif
    if(ch == STK_GET_PARAMETER) {
      // GET PARAMETER returns a generic 0x03 reply - enough to keep Avrdude happy
      getNch(1);
   1fc4c:	bb 24       	eor	r11, r11
   1fc4e:	b3 94       	inc	r11
        __boot_page_fill_short((uint16_t)(void*)addrPtr,a);
        addrPtr += 2;
      } while (--ch);
      
      // Write from programming buffer
      __boot_page_write_short((uint16_t)(void*)address);
   1fc50:	b5 e0       	ldi	r27, 0x05	; 5
   1fc52:	cb 2e       	mov	r12, r27
      boot_spm_busy_wait();

#if defined(RWWSRE)
      // Reenable read access to flash
      boot_rww_enable();
   1fc54:	a1 e1       	ldi	r26, 0x11	; 17
   1fc56:	da 2e       	mov	r13, r26
#endif

  /* Forever loop */
  for (;;) {
    /* get character from UART */
    ch = getch();
   1fc58:	9b d0       	rcall	.+310    	; 0x1fd90 <getch>
      verifySpace();
      blueCAvrdudeSynced = 1;
    }
    else 
#endif
    if(ch == STK_GET_PARAMETER) {
   1fc5a:	81 34       	cpi	r24, 0x41	; 65
   1fc5c:	19 f4       	brne	.+6      	; 0x1fc64 <main+0x64>
      // GET PARAMETER returns a generic 0x03 reply - enough to keep Avrdude happy
      getNch(1);
   1fc5e:	81 e0       	ldi	r24, 0x01	; 1
   1fc60:	b2 d0       	rcall	.+356    	; 0x1fdc6 <getNch>
   1fc62:	82 c0       	rjmp	.+260    	; 0x1fd68 <main+0x168>
      putch(0x03);
    }
    else if(ch == STK_SET_DEVICE) {
   1fc64:	82 34       	cpi	r24, 0x42	; 66
   1fc66:	11 f4       	brne	.+4      	; 0x1fc6c <main+0x6c>
      // SET DEVICE is ignored
      getNch(20);
   1fc68:	84 e1       	ldi	r24, 0x14	; 20
   1fc6a:	03 c0       	rjmp	.+6      	; 0x1fc72 <main+0x72>
    }
    else if(ch == STK_SET_DEVICE_EXT) {
   1fc6c:	85 34       	cpi	r24, 0x45	; 69
   1fc6e:	19 f4       	brne	.+6      	; 0x1fc76 <main+0x76>
      // SET DEVICE EXT is ignored
      getNch(5);
   1fc70:	85 e0       	ldi	r24, 0x05	; 5
   1fc72:	a9 d0       	rcall	.+338    	; 0x1fdc6 <getNch>
   1fc74:	82 c0       	rjmp	.+260    	; 0x1fd7a <main+0x17a>
    }
    else if(ch == STK_LOAD_ADDRESS) {
   1fc76:	85 35       	cpi	r24, 0x55	; 85
   1fc78:	91 f4       	brne	.+36     	; 0x1fc9e <main+0x9e>
      // LOAD ADDRESS
      address = getch();
   1fc7a:	8a d0       	rcall	.+276    	; 0x1fd90 <getch>
      address = (address & 0xff) | (getch() << 8);
   1fc7c:	08 2f       	mov	r16, r24
   1fc7e:	10 e0       	ldi	r17, 0x00	; 0
   1fc80:	87 d0       	rcall	.+270    	; 0x1fd90 <getch>
   1fc82:	90 e0       	ldi	r25, 0x00	; 0
   1fc84:	98 2f       	mov	r25, r24
   1fc86:	88 27       	eor	r24, r24
   1fc88:	80 2b       	or	r24, r16
   1fc8a:	91 2b       	or	r25, r17
#ifdef RAMPZ
      // Transfer top bit to RAMPZ
      RAMPZ = (address & 0x8000) ? 1 : 0;
   1fc8c:	29 2f       	mov	r18, r25
   1fc8e:	22 1f       	adc	r18, r18
   1fc90:	22 27       	eor	r18, r18
   1fc92:	22 1f       	adc	r18, r18
   1fc94:	2b bf       	out	0x3b, r18	; 59
#endif
      address += address; // Convert from word address to byte address
   1fc96:	7c 01       	movw	r14, r24
   1fc98:	ee 0c       	add	r14, r14
   1fc9a:	ff 1c       	adc	r15, r15
   1fc9c:	6d c0       	rjmp	.+218    	; 0x1fd78 <main+0x178>
      verifySpace();
    }
    else if(ch == STK_UNIVERSAL) {
   1fc9e:	86 35       	cpi	r24, 0x56	; 86
   1fca0:	29 f4       	brne	.+10     	; 0x1fcac <main+0xac>
      // UNIVERSAL command is ignored
      getNch(4);
   1fca2:	84 e0       	ldi	r24, 0x04	; 4
   1fca4:	90 d0       	rcall	.+288    	; 0x1fdc6 <getNch>
      putch(0x00);
   1fca6:	80 e0       	ldi	r24, 0x00	; 0
   1fca8:	6b d0       	rcall	.+214    	; 0x1fd80 <putch>
   1fcaa:	67 c0       	rjmp	.+206    	; 0x1fd7a <main+0x17a>
    }
    /* Write memory, length is big endian and is in bytes */
    else if(ch == STK_PROG_PAGE) {
   1fcac:	84 36       	cpi	r24, 0x64	; 100
   1fcae:	09 f0       	breq	.+2      	; 0x1fcb2 <main+0xb2>
   1fcb0:	3e c0       	rjmp	.+124    	; 0x1fd2e <main+0x12e>
      // PROGRAM PAGE - we support flash programming only, not EEPROM
      uint8_t *bufPtr;
      uint16_t addrPtr;

      getch();			/* getlen() */
   1fcb2:	6e d0       	rcall	.+220    	; 0x1fd90 <getch>
      length = getch();
   1fcb4:	6d d0       	rcall	.+218    	; 0x1fd90 <getch>
   1fcb6:	18 2f       	mov	r17, r24
      getch();
   1fcb8:	6b d0       	rcall	.+214    	; 0x1fd90 <getch>

      // If we are in RWW section, immediately start page erase
#if !defined(NRWWSECTIONFAVORSIZE) 
      if ((uint8_t)(address >> 8) < (uint8_t)(NRWWSTART >> 8))
   1fcba:	8f 2d       	mov	r24, r15
   1fcbc:	99 27       	eor	r25, r25
   1fcbe:	08 2f       	mov	r16, r24
   1fcc0:	80 3e       	cpi	r24, 0xE0	; 224
   1fcc2:	20 f4       	brcc	.+8      	; 0x1fccc <main+0xcc>
        __boot_page_erase_short((uint16_t)(void*)address);
   1fcc4:	83 e0       	ldi	r24, 0x03	; 3
   1fcc6:	f7 01       	movw	r30, r14
   1fcc8:	87 bf       	out	0x37, r24	; 55
   1fcca:	e8 95       	spm
   1fccc:	c2 e0       	ldi	r28, 0x02	; 2
   1fcce:	d2 e0       	ldi	r29, 0x02	; 2
#endif
      
      // While that is going on, read in page contents
      bufPtr = buff;
      do *bufPtr++ = getch();
   1fcd0:	5f d0       	rcall	.+190    	; 0x1fd90 <getch>
   1fcd2:	89 93       	st	Y+, r24
      while (--length);
   1fcd4:	11 50       	subi	r17, 0x01	; 1
   1fcd6:	e1 f7       	brne	.-8      	; 0x1fcd0 <main+0xd0>

      // If we are in NRWW section, page erase has to be delayed until now.
      // Todo: Take RAMPZ into account
#if !defined(NRWWSECTIONFAVORSIZE) 
      if (!((uint8_t)(address >> 8) < (uint8_t)(NRWWSTART >> 8)))
   1fcd8:	00 3e       	cpi	r16, 0xE0	; 224
   1fcda:	20 f0       	brcs	.+8      	; 0x1fce4 <main+0xe4>
#endif
        __boot_page_erase_short((uint16_t)(void*)address);
   1fcdc:	83 e0       	ldi	r24, 0x03	; 3
   1fcde:	f7 01       	movw	r30, r14
   1fce0:	87 bf       	out	0x37, r24	; 55
   1fce2:	e8 95       	spm
      }
#endif

      // If only a partial page is to be programmed, the erase might not be complete.
      // So check that here
      boot_spm_busy_wait();
   1fce4:	07 b6       	in	r0, 0x37	; 55
   1fce6:	00 fc       	sbrc	r0, 0
   1fce8:	fd cf       	rjmp	.-6      	; 0x1fce4 <main+0xe4>
   1fcea:	a7 01       	movw	r20, r14
   1fcec:	a2 e0       	ldi	r26, 0x02	; 2
   1fcee:	b2 e0       	ldi	r27, 0x02	; 2
      bufPtr = buff;
      addrPtr = (uint16_t)(void*)address;
      ch = SPM_PAGESIZE / 2;
      do {
        uint16_t a;
        a = *bufPtr++;
   1fcf0:	2c 91       	ld	r18, X
   1fcf2:	30 e0       	ldi	r19, 0x00	; 0
        a |= (*bufPtr++) << 8;
   1fcf4:	11 96       	adiw	r26, 0x01	; 1
   1fcf6:	8c 91       	ld	r24, X
   1fcf8:	11 97       	sbiw	r26, 0x01	; 1
   1fcfa:	90 e0       	ldi	r25, 0x00	; 0
   1fcfc:	98 2f       	mov	r25, r24
   1fcfe:	88 27       	eor	r24, r24
   1fd00:	82 2b       	or	r24, r18
   1fd02:	93 2b       	or	r25, r19
register uint8_t timOverflCnt __asm__("r15"); // the number of timer1 overflows
#endif


/* main program starts here */
int main(void) {
   1fd04:	12 96       	adiw	r26, 0x02	; 2
      ch = SPM_PAGESIZE / 2;
      do {
        uint16_t a;
        a = *bufPtr++;
        a |= (*bufPtr++) << 8;
        __boot_page_fill_short((uint16_t)(void*)addrPtr,a);
   1fd06:	fa 01       	movw	r30, r20
   1fd08:	0c 01       	movw	r0, r24
   1fd0a:	b7 be       	out	0x37, r11	; 55
   1fd0c:	e8 95       	spm
   1fd0e:	11 24       	eor	r1, r1
        addrPtr += 2;
   1fd10:	4e 5f       	subi	r20, 0xFE	; 254
   1fd12:	5f 4f       	sbci	r21, 0xFF	; 255
      } while (--ch);
   1fd14:	f3 e0       	ldi	r31, 0x03	; 3
   1fd16:	a2 30       	cpi	r26, 0x02	; 2
   1fd18:	bf 07       	cpc	r27, r31
   1fd1a:	51 f7       	brne	.-44     	; 0x1fcf0 <main+0xf0>
      
      // Write from programming buffer
      __boot_page_write_short((uint16_t)(void*)address);
   1fd1c:	f7 01       	movw	r30, r14
   1fd1e:	c7 be       	out	0x37, r12	; 55
   1fd20:	e8 95       	spm
      boot_spm_busy_wait();
   1fd22:	07 b6       	in	r0, 0x37	; 55
   1fd24:	00 fc       	sbrc	r0, 0
   1fd26:	fd cf       	rjmp	.-6      	; 0x1fd22 <main+0x122>

#if defined(RWWSRE)
      // Reenable read access to flash
      boot_rww_enable();
   1fd28:	d7 be       	out	0x37, r13	; 55
   1fd2a:	e8 95       	spm
   1fd2c:	25 c0       	rjmp	.+74     	; 0x1fd78 <main+0x178>

      // Read command terminator, start reply
      verifySpace();
    }
    /* Read memory block mode, length is big endian.  */
    else if(ch == STK_READ_PAGE) {
   1fd2e:	84 37       	cpi	r24, 0x74	; 116
   1fd30:	a1 f4       	brne	.+40     	; 0x1fd5a <main+0x15a>
      // READ PAGE - we only read flash

      getch();			/* getlen */
   1fd32:	2e d0       	rcall	.+92     	; 0x1fd90 <getch>
      length = getch();
   1fd34:	2d d0       	rcall	.+90     	; 0x1fd90 <getch>
   1fd36:	18 2f       	mov	r17, r24
      getch();
   1fd38:	2b d0       	rcall	.+86     	; 0x1fd90 <getch>

      verifySpace();
   1fd3a:	3f d0       	rcall	.+126    	; 0x1fdba <verifySpace>
   1fd3c:	e7 01       	movw	r28, r14
   1fd3e:	01 2f       	mov	r16, r17
#ifdef __AVR_ATmega1280__
//      do putch(pgm_read_byte_near(address++));
//      while (--length);
      do {
        uint8_t result;
        __asm__ ("elpm %0,Z\n":"=r"(result):"z"(address));
   1fd40:	fe 01       	movw	r30, r28
   1fd42:	86 91       	elpm	r24, Z+
        putch(result);
   1fd44:	1d d0       	rcall	.+58     	; 0x1fd80 <putch>
        address++;
   1fd46:	21 96       	adiw	r28, 0x01	; 1
      }
      while (--length);
   1fd48:	01 50       	subi	r16, 0x01	; 1
   1fd4a:	d1 f7       	brne	.-12     	; 0x1fd40 <main+0x140>
register uint8_t timOverflCnt __asm__("r15"); // the number of timer1 overflows
#endif


/* main program starts here */
int main(void) {
   1fd4c:	08 94       	sec
   1fd4e:	e1 1c       	adc	r14, r1
   1fd50:	f1 1c       	adc	r15, r1
   1fd52:	11 50       	subi	r17, 0x01	; 1
   1fd54:	e1 0e       	add	r14, r17
   1fd56:	f1 1c       	adc	r15, r1
   1fd58:	10 c0       	rjmp	.+32     	; 0x1fd7a <main+0x17a>
#endif
#endif
    }

    /* Get device signature bytes  */
    else if(ch == STK_READ_SIGN) {
   1fd5a:	85 37       	cpi	r24, 0x75	; 117
   1fd5c:	39 f4       	brne	.+14     	; 0x1fd6c <main+0x16c>
      // READ SIGN - return what Avrdude wants to hear
      verifySpace();
   1fd5e:	2d d0       	rcall	.+90     	; 0x1fdba <verifySpace>
      putch(SIGNATURE_0);
   1fd60:	8e e1       	ldi	r24, 0x1E	; 30
   1fd62:	0e d0       	rcall	.+28     	; 0x1fd80 <putch>
      putch(SIGNATURE_1);
   1fd64:	87 e9       	ldi	r24, 0x97	; 151
   1fd66:	0c d0       	rcall	.+24     	; 0x1fd80 <putch>
      putch(SIGNATURE_2);
   1fd68:	83 e0       	ldi	r24, 0x03	; 3
   1fd6a:	9e cf       	rjmp	.-196    	; 0x1fca8 <main+0xa8>
    }
    else if (ch == 'Q') {
   1fd6c:	81 35       	cpi	r24, 0x51	; 81
   1fd6e:	21 f4       	brne	.+8      	; 0x1fd78 <main+0x178>
      // Adaboot no-wait mod
      verifySpace();
   1fd70:	24 d0       	rcall	.+72     	; 0x1fdba <verifySpace>
      watchdogConfig(WATCHDOG_64MS); // 16ms was not enough to send the result back to avrdude
   1fd72:	8a e0       	ldi	r24, 0x0A	; 10
   1fd74:	15 d0       	rcall	.+42     	; 0x1fda0 <watchdogConfig>
   1fd76:	ff cf       	rjmp	.-2      	; 0x1fd76 <main+0x176>
      for(;;) {} // endless loop, waiting for hardware reset
    }
    else {
      // This covers the response to commands like STK_ENTER_PROGMODE
      verifySpace();
   1fd78:	20 d0       	rcall	.+64     	; 0x1fdba <verifySpace>
    }
    putch(STK_OK);
   1fd7a:	80 e1       	ldi	r24, 0x10	; 16
   1fd7c:	01 d0       	rcall	.+2      	; 0x1fd80 <putch>
   1fd7e:	6c cf       	rjmp	.-296    	; 0x1fc58 <main+0x58>

0001fd80 <putch>:
  }
}

void putch(char ch) {
   1fd80:	98 2f       	mov	r25, r24
#ifndef SOFT_UART
  while (!(UCSR0A & _BV(UDRE0)));
   1fd82:	80 91 c0 00 	lds	r24, 0x00C0
   1fd86:	85 ff       	sbrs	r24, 5
   1fd88:	fc cf       	rjmp	.-8      	; 0x1fd82 <putch+0x2>
  UDR0 = ch;
   1fd8a:	90 93 c6 00 	sts	0x00C6, r25
      [uartBit] "I" (UART_TX_BIT)
    :
      "r25"
  );
#endif
}
   1fd8e:	08 95       	ret

0001fd90 <getch>:
}
#endif

// Watchdog functions. These are only safe with interrupts turned off.
void watchdogReset() {
  __asm__ __volatile__ (
   1fd90:	a8 95       	wdr
      [uartBit] "I" (UART_RX_BIT)
    :
      "r25"
);
#else
  while(!(UCSR0A & _BV(RXC0)))
   1fd92:	80 91 c0 00 	lds	r24, 0x00C0
   1fd96:	87 ff       	sbrs	r24, 7
   1fd98:	fc cf       	rjmp	.-8      	; 0x1fd92 <getch+0x2>
#if defined(BLUECONTROLLER) 
    extendWatchdogPeriodAfterStartup();
#endif
  }

  ch = UDR0;
   1fd9a:	80 91 c6 00 	lds	r24, 0x00C6
  LED_PIN |= _BV(LED);
#endif
#endif

  return ch;
}
   1fd9e:	08 95       	ret

0001fda0 <watchdogConfig>:
    "wdr\n"
  );
}

void watchdogConfig(uint8_t x) {
  WDTCSR = _BV(WDCE) | _BV(WDE);
   1fda0:	e0 e6       	ldi	r30, 0x60	; 96
   1fda2:	f0 e0       	ldi	r31, 0x00	; 0
   1fda4:	98 e1       	ldi	r25, 0x18	; 24
   1fda6:	90 83       	st	Z, r25
  WDTCSR = x;
   1fda8:	80 83       	st	Z, r24
}
   1fdaa:	08 95       	ret

0001fdac <appStart>:
  }
}
#endif

void appStart() {
  LED_DDR |= _BV(LED); // switch LED to output
   1fdac:	27 9a       	sbi	0x04, 7	; 4
  LED_PORT &= ~_BV(LED); // switch LED off
   1fdae:	2f 98       	cbi	0x05, 7	; 5
  watchdogConfig(WATCHDOG_OFF);
   1fdb0:	80 e0       	ldi	r24, 0x00	; 0
   1fdb2:	f6 df       	rcall	.-20     	; 0x1fda0 <watchdogConfig>
  __asm__ __volatile__ (
   1fdb4:	ee 27       	eor	r30, r30
   1fdb6:	ff 27       	eor	r31, r31
   1fdb8:	09 94       	ijmp

0001fdba <verifySpace>:
  do getch(); while (--count);
  verifySpace();
}

void verifySpace() {
  if (getch() == CRC_EOP)
   1fdba:	ea df       	rcall	.-44     	; 0x1fd90 <getch>
   1fdbc:	80 32       	cpi	r24, 0x20	; 32
   1fdbe:	11 f4       	brne	.+4      	; 0x1fdc4 <verifySpace+0xa>
  {
    putch(STK_INSYNC);
   1fdc0:	84 e1       	ldi	r24, 0x14	; 20
   1fdc2:	de cf       	rjmp	.-68     	; 0x1fd80 <putch>
#if defined(BLUECONTROLLER) 
    // ignore error when not synced, otherwise some initial garbage (e.g. CONNECT message from BT module) will exit the bootloader
    if(blueCAvrdudeSynced)
      appStart();
#else
    appStart();
   1fdc4:	f3 cf       	rjmp	.-26     	; 0x1fdac <appStart>

0001fdc6 <getNch>:
    ::[count] "M" (UART_B_VALUE)
  );
}
#endif

void getNch(uint8_t count) {
   1fdc6:	1f 93       	push	r17
   1fdc8:	18 2f       	mov	r17, r24
  do getch(); while (--count);
   1fdca:	e2 df       	rcall	.-60     	; 0x1fd90 <getch>
   1fdcc:	11 50       	subi	r17, 0x01	; 1
   1fdce:	e9 f7       	brne	.-6      	; 0x1fdca <getNch+0x4>
  verifySpace();
   1fdd0:	f4 df       	rcall	.-24     	; 0x1fdba <verifySpace>
}
   1fdd2:	1f 91       	pop	r17
   1fdd4:	08 95       	ret
